<?xml version="1.0" encoding="UTF-8"?>
<!-- Generated by org.testng.reporters.JUnitReportReporter -->
<testsuite hostname="DESKTOP-V006KQA" failures="0" tests="2" name="mavengroup.Mavenjava.AppiumTest" time="0.002" errors="0" timestamp="23 Aug 2022 10:28:54 GMT">
  <testcase classname="mavengroup.Mavenjava.AppiumTest" name="logout" time="0.001"/>
  <testcase classname="mavengroup.Mavenjava.AppiumTest" name="login" time="0.001"/>
</testsuite> <!-- mavengroup.Mavenjava.AppiumTest -->
