<?xml version="1.0" encoding="UTF-8"?>
<!-- Generated by org.testng.reporters.JUnitReportReporter -->
<testsuite hostname="DESKTOP-V006KQA" failures="0" tests="2" name="mavengroup.Mavenjava.RestAPITest" time="0.001" errors="0" timestamp="23 Aug 2022 10:28:54 GMT">
  <testcase classname="mavengroup.Mavenjava.RestAPITest" name="login" time="0.000"/>
  <testcase classname="mavengroup.Mavenjava.RestAPITest" name="logout" time="0.001"/>
</testsuite> <!-- mavengroup.Mavenjava.RestAPITest -->
