<?xml version="1.0" encoding="UTF-8"?>
<!-- Generated by org.testng.reporters.JUnitReportReporter -->
<testsuite hostname="DESKTOP-V006KQA" failures="0" tests="1" name="mavengroup.Mavenjava.AppTest" time="0.008" errors="0" timestamp="23 Aug 2022 05:24:22 GMT">
  <testcase classname="mavengroup.Mavenjava.AppTest" name="shouldAnswerWithTrue" time="0.008"/>
</testsuite> <!-- mavengroup.Mavenjava.AppTest -->
